<?xml version="1.0" encoding="UTF-8"?>
<!-- Generated by org.testng.reporters.JUnitReportReporter -->
<testsuite skipped="0" hostname="Sony" name="com.sam.seelniumFrameWork.MainClass" tests="1" failures="0" timestamp="10 Jun 2017 15:49:26 GMT" time="21.787" errors="0">
  <testcase name="firstTest" time="21.787" classname="com.sam.seelniumFrameWork.MainClass"/>
</testsuite> <!-- com.sam.seelniumFrameWork.MainClass -->
